[youtube] Extracting URL: https://www.youtube.com/watch?v=ESEQAzGCnpA
[youtube] ESEQAzGCnpA: Downloading webpage
[youtube] ESEQAzGCnpA: Downloading android vr player API JSON
[youtube] ESEQAzGCnpA: Downloading web embedded client config
[youtube] ESEQAzGCnpA: Downloading player c2f7551f-main
[youtube] ESEQAzGCnpA: Downloading web embedded player API JSON
[youtube] [jsc:deno] Solving JS challenges using deno
ERROR: [youtube] ESEQAzGCnpA: This video is not available
[youtube] Extracting URL: https://www.youtube.com/watch?v=KcDpo6JGAec
[youtube] KcDpo6JGAec: Downloading webpage
[youtube] KcDpo6JGAec: Downloading android vr player API JSON
ERROR: [youtube] KcDpo6JGAec: This video is not available
[youtube] Extracting URL: https://www.youtube.com/watch?v=m8T4Rw7URG8
[youtube] m8T4Rw7URG8: Downloading webpage
[youtube] m8T4Rw7URG8: Downloading android vr player API JSON
ERROR: [youtube] m8T4Rw7URG8: This video is not available
[youtube] Extracting URL: https://www.youtube.com/watch?v=bR8zmqdow-w
[youtube] bR8zmqdow-w: Downloading webpage
[youtube] bR8zmqdow-w: Downloading android vr player API JSON
ERROR: [youtube] bR8zmqdow-w: This video is not available
[youtube] Extracting URL: https://www.youtube.com/watch?v=Tdc1TVNJHgU
[youtube] Tdc1TVNJHgU: Downloading webpage
[youtube] Tdc1TVNJHgU: Downloading android vr player API JSON
ERROR: [youtube] Tdc1TVNJHgU: This video is not available
[youtube] Extracting URL: https://www.youtube.com/watch?v=8vVI6lRRyOA
[youtube] 8vVI6lRRyOA: Downloading webpage
[youtube] 8vVI6lRRyOA: Downloading android vr player API JSON
ERROR: [youtube] 8vVI6lRRyOA: This video is not available
[youtube] Extracting URL: https://www.youtube.com/watch?v=8t9w2QotS00
[youtube] 8t9w2QotS00: Downloading webpage
[youtube] 8t9w2QotS00: Downloading android vr player API JSON
ERROR: [youtube] 8t9w2QotS00: This video is not available
[youtube] Extracting URL: https://www.youtube.com/watch?v=k4FZWQc7MV0
[youtube] k4FZWQc7MV0: Downloading webpage
[youtube] k4FZWQc7MV0: Downloading android vr player API JSON
ERROR: [youtube] k4FZWQc7MV0: This video is not available
[youtube] Extracting URL: https://www.youtube.com/watch?v=96eWQG47_04
[youtube] 96eWQG47_04: Downloading webpage
[youtube] 96eWQG47_04: Downloading android vr player API JSON
ERROR: [youtube] 96eWQG47_04: This video is not available
[youtube] Extracting URL: https://www.youtube.com/watch?v=uTfeHaDQmEQ
[youtube] uTfeHaDQmEQ: Downloading webpage
[youtube] uTfeHaDQmEQ: Downloading android vr player API JSON
ERROR: [youtube] uTfeHaDQmEQ: This video is not available
