[youtube] Extracting URL: https://www.youtube.com/watch?v=Z6pBfXJW1m4
[youtube] Z6pBfXJW1m4: Downloading webpage
[youtube] Z6pBfXJW1m4: Downloading android vr player API JSON
[youtube] Z6pBfXJW1m4: Downloading web embedded client config
[youtube] Z6pBfXJW1m4: Downloading player c2f7551f-main
[youtube] Z6pBfXJW1m4: Downloading web embedded player API JSON
[youtube] [jsc:deno] Solving JS challenges using deno
ERROR: [youtube] Z6pBfXJW1m4: This video is not available
[youtube] Extracting URL: https://www.youtube.com/watch?v=0aWXp934fn4
[youtube] 0aWXp934fn4: Downloading webpage
[youtube] 0aWXp934fn4: Downloading android vr player API JSON
[info] 0aWXp934fn4: Downloading subtitles: ka
[info] 0aWXp934fn4: Downloading 1 format(s): 248+251
[info] Writing video subtitles to: transcripts\ch2_jirafijoze\0aWXp934fn4.ka.vtt
[download] Destination: transcripts\ch2_jirafijoze\0aWXp934fn4.ka.vtt
[download]    1.00KiB at  Unknown B/s (00:00:00)[download]    3.00KiB at  Unknown B/s (00:00:00)[download]    3.58KiB at    2.29MiB/s (00:00:00)[download] 100% of    3.58KiB in 00:00:00 at 29.67KiB/s
[SubtitlesConvertor] Converting subtitles
Deleting original file transcripts\ch2_jirafijoze\0aWXp934fn4.ka.vtt (pass -k to keep)
[youtube] Extracting URL: https://www.youtube.com/watch?v=fF8qw-kpT2A
[youtube] fF8qw-kpT2A: Downloading webpage
[youtube] fF8qw-kpT2A: Downloading android vr player API JSON
ERROR: [youtube] fF8qw-kpT2A: This video is not available
[youtube] Extracting URL: https://www.youtube.com/watch?v=EHW_DI6sm80
[youtube] EHW_DI6sm80: Downloading webpage
[youtube] EHW_DI6sm80: Downloading android vr player API JSON
ERROR: [youtube] EHW_DI6sm80: This video is not available
[youtube] Extracting URL: https://www.youtube.com/watch?v=-P21p1Ba4ho
[youtube] -P21p1Ba4ho: Downloading webpage
[youtube] -P21p1Ba4ho: Downloading android vr player API JSON
ERROR: [youtube] -P21p1Ba4ho: This video is not available
[youtube] Extracting URL: https://www.youtube.com/watch?v=fB9euJHiUCI
[youtube] fB9euJHiUCI: Downloading webpage
[youtube] fB9euJHiUCI: Downloading android vr player API JSON
ERROR: [youtube] fB9euJHiUCI: This video is not available
[youtube] Extracting URL: https://www.youtube.com/watch?v=wEARtpySiGM
[youtube] wEARtpySiGM: Downloading webpage
[youtube] wEARtpySiGM: Downloading android vr player API JSON
ERROR: [youtube] wEARtpySiGM: This video is not available
[youtube] Extracting URL: https://www.youtube.com/watch?v=a5wXAhZr6kI
[youtube] a5wXAhZr6kI: Downloading webpage
[youtube] a5wXAhZr6kI: Downloading android vr player API JSON
ERROR: [youtube] a5wXAhZr6kI: This video is not available
[youtube] Extracting URL: https://www.youtube.com/watch?v=kTBIRLzkGcw
[youtube] kTBIRLzkGcw: Downloading webpage
[youtube] kTBIRLzkGcw: Downloading android vr player API JSON
ERROR: [youtube] kTBIRLzkGcw: This video is not available
[youtube] Extracting URL: https://www.youtube.com/watch?v=mrz_9ivAZ8o
[youtube] mrz_9ivAZ8o: Downloading webpage
[youtube] mrz_9ivAZ8o: Downloading android vr player API JSON
ERROR: [youtube] mrz_9ivAZ8o: This video is not available
[youtube] Extracting URL: https://www.youtube.com/watch?v=XpdUzrNrZwk
[youtube] XpdUzrNrZwk: Downloading webpage
[youtube] XpdUzrNrZwk: Downloading android vr player API JSON
ERROR: [youtube] XpdUzrNrZwk: This video is not available
[youtube] Extracting URL: https://www.youtube.com/watch?v=WJ2I27SrfUg
[youtube] WJ2I27SrfUg: Downloading webpage
[youtube] WJ2I27SrfUg: Downloading android vr player API JSON
ERROR: [youtube] WJ2I27SrfUg: This video is not available
[youtube] Extracting URL: https://www.youtube.com/watch?v=5uNOrzKRhbI
[youtube] 5uNOrzKRhbI: Downloading webpage
[youtube] 5uNOrzKRhbI: Downloading android vr player API JSON
ERROR: [youtube] 5uNOrzKRhbI: This video is not available
[youtube] Extracting URL: https://www.youtube.com/watch?v=K2wJMzIuoHg
[youtube] K2wJMzIuoHg: Downloading webpage
[youtube] K2wJMzIuoHg: Downloading android vr player API JSON
ERROR: [youtube] K2wJMzIuoHg: This video is not available
[youtube] Extracting URL: https://www.youtube.com/watch?v=Do19IY-AcgA
[youtube] Do19IY-AcgA: Downloading webpage
[youtube] Do19IY-AcgA: Downloading android vr player API JSON
ERROR: [youtube] Do19IY-AcgA: This video is not available
[youtube] Extracting URL: https://www.youtube.com/watch?v=ALXJk5lO9G4
[youtube] ALXJk5lO9G4: Downloading webpage
[youtube] ALXJk5lO9G4: Downloading android vr player API JSON
ERROR: [youtube] ALXJk5lO9G4: This video is not available
[youtube] Extracting URL: https://www.youtube.com/watch?v=xN3DTAH9PTE
[youtube] xN3DTAH9PTE: Downloading webpage
[youtube] xN3DTAH9PTE: Downloading android vr player API JSON
ERROR: [youtube] xN3DTAH9PTE: This video is not available
[youtube] Extracting URL: https://www.youtube.com/watch?v=HnUa85h_GvM
[youtube] HnUa85h_GvM: Downloading webpage
[youtube] HnUa85h_GvM: Downloading android vr player API JSON
ERROR: [youtube] HnUa85h_GvM: This video is not available
[youtube] Extracting URL: https://www.youtube.com/watch?v=aaC9-ngGp9o
[youtube] aaC9-ngGp9o: Downloading webpage
[youtube] aaC9-ngGp9o: Downloading android vr player API JSON
ERROR: [youtube] aaC9-ngGp9o: This video is not available
[youtube] Extracting URL: https://www.youtube.com/watch?v=2XUjwG7IjCk
[youtube] 2XUjwG7IjCk: Downloading webpage
[youtube] 2XUjwG7IjCk: Downloading android vr player API JSON
ERROR: [youtube] 2XUjwG7IjCk: This video is not available
[youtube] Extracting URL: https://www.youtube.com/watch?v=lnWSxSs_GMA
[youtube] lnWSxSs_GMA: Downloading webpage
[youtube] lnWSxSs_GMA: Downloading android vr player API JSON
ERROR: [youtube] lnWSxSs_GMA: This video is not available
[youtube] Extracting URL: https://www.youtube.com/watch?v=kxbS6XyJpfg
[youtube] kxbS6XyJpfg: Downloading webpage
[youtube] kxbS6XyJpfg: Downloading android vr player API JSON
ERROR: [youtube] kxbS6XyJpfg: This video is not available
[youtube] Extracting URL: https://www.youtube.com/watch?v=vlF5XYcwfHU
[youtube] vlF5XYcwfHU: Downloading webpage
[youtube] vlF5XYcwfHU: Downloading android vr player API JSON
ERROR: [youtube] vlF5XYcwfHU: This video is not available
[youtube] Extracting URL: https://www.youtube.com/watch?v=YE8TE5xmNzs
[youtube] YE8TE5xmNzs: Downloading webpage
[youtube] YE8TE5xmNzs: Downloading android vr player API JSON
ERROR: [youtube] YE8TE5xmNzs: This video is not available
[youtube] Extracting URL: https://www.youtube.com/watch?v=kmflIULJTEk
[youtube] kmflIULJTEk: Downloading webpage
[youtube] kmflIULJTEk: Downloading android vr player API JSON
ERROR: [youtube] kmflIULJTEk: This video is not available
[youtube] Extracting URL: https://www.youtube.com/watch?v=V6b9P4jydv0
[youtube] V6b9P4jydv0: Downloading webpage
[youtube] V6b9P4jydv0: Downloading android vr player API JSON
ERROR: [youtube] V6b9P4jydv0: This video is not available
[youtube] Extracting URL: https://www.youtube.com/watch?v=e4SB_9GlDhU
[youtube] e4SB_9GlDhU: Downloading webpage
[youtube] e4SB_9GlDhU: Downloading android vr player API JSON
ERROR: [youtube] e4SB_9GlDhU: This video is not available
[youtube] Extracting URL: https://www.youtube.com/watch?v=U3bGTLHLtoU
[youtube] U3bGTLHLtoU: Downloading webpage
[youtube] U3bGTLHLtoU: Downloading android vr player API JSON
ERROR: [youtube] U3bGTLHLtoU: This video is not available
[youtube] Extracting URL: https://www.youtube.com/watch?v=R6HLvD9Zvv4
[youtube] R6HLvD9Zvv4: Downloading webpage
[youtube] R6HLvD9Zvv4: Downloading android vr player API JSON
ERROR: [youtube] R6HLvD9Zvv4: This video is not available
[youtube] Extracting URL: https://www.youtube.com/watch?v=X32T4268k5c
[youtube] X32T4268k5c: Downloading webpage
[youtube] X32T4268k5c: Downloading android vr player API JSON
ERROR: [youtube] X32T4268k5c: This video is not available
[youtube] Extracting URL: https://www.youtube.com/watch?v=mSClLgiJ0Hg
[youtube] mSClLgiJ0Hg: Downloading webpage
[youtube] mSClLgiJ0Hg: Downloading android vr player API JSON
ERROR: [youtube] mSClLgiJ0Hg: This video is not available
[youtube] Extracting URL: https://www.youtube.com/watch?v=6Z3IXY_zedQ
[youtube] 6Z3IXY_zedQ: Downloading webpage
[youtube] 6Z3IXY_zedQ: Downloading android vr player API JSON
[info] 6Z3IXY_zedQ: Downloading 1 format(s): 299+251
[info] There are no subtitles for the requested languages
[SubtitlesConvertor] There aren't any subtitles to convert
[youtube] Extracting URL: https://www.youtube.com/watch?v=JakM2fCyMOQ
[youtube] JakM2fCyMOQ: Downloading webpage
[youtube] JakM2fCyMOQ: Downloading android vr player API JSON
ERROR: [youtube] JakM2fCyMOQ: This video is not available
[youtube] Extracting URL: https://www.youtube.com/watch?v=KXOsl1VjZNY
[youtube] KXOsl1VjZNY: Downloading webpage
[youtube] KXOsl1VjZNY: Downloading android vr player API JSON
ERROR: [youtube] KXOsl1VjZNY: This video is not available
[youtube] Extracting URL: https://www.youtube.com/watch?v=7IxUKRUwJo8
[youtube] 7IxUKRUwJo8: Downloading webpage
[youtube] 7IxUKRUwJo8: Downloading android vr player API JSON
ERROR: [youtube] 7IxUKRUwJo8: This video is not available
[youtube] Extracting URL: https://www.youtube.com/watch?v=SWU-mgt2HME
[youtube] SWU-mgt2HME: Downloading webpage
[youtube] SWU-mgt2HME: Downloading android vr player API JSON
ERROR: [youtube] SWU-mgt2HME: This video is not available
[youtube] Extracting URL: https://www.youtube.com/watch?v=FEbv1dMxidM
[youtube] FEbv1dMxidM: Downloading webpage
[youtube] FEbv1dMxidM: Downloading android vr player API JSON
ERROR: [youtube] FEbv1dMxidM: This video is not available
[youtube] Extracting URL: https://www.youtube.com/watch?v=MAdzTzzzPgk
[youtube] MAdzTzzzPgk: Downloading webpage
[youtube] MAdzTzzzPgk: Downloading android vr player API JSON
ERROR: [youtube] MAdzTzzzPgk: This video is not available
[youtube] Extracting URL: https://www.youtube.com/watch?v=KsbgNnzkI78
[youtube] KsbgNnzkI78: Downloading webpage
[youtube] KsbgNnzkI78: Downloading android vr player API JSON
ERROR: [youtube] KsbgNnzkI78: This video is not available
[youtube] Extracting URL: https://www.youtube.com/watch?v=UY_2EDVJR8I
[youtube] UY_2EDVJR8I: Downloading webpage
[youtube] UY_2EDVJR8I: Downloading android vr player API JSON
ERROR: [youtube] UY_2EDVJR8I: This video is not available
[youtube] Extracting URL: https://www.youtube.com/watch?v=hMIKk6e1FaQ
[youtube] hMIKk6e1FaQ: Downloading webpage
[youtube] hMIKk6e1FaQ: Downloading android vr player API JSON
ERROR: [youtube] hMIKk6e1FaQ: This video is not available
[youtube] Extracting URL: https://www.youtube.com/watch?v=J-Wlb6vpNl4
[youtube] J-Wlb6vpNl4: Downloading webpage
[youtube] J-Wlb6vpNl4: Downloading android vr player API JSON
[info] J-Wlb6vpNl4: Downloading 1 format(s): 299+251
[info] There are no subtitles for the requested languages
[SubtitlesConvertor] There aren't any subtitles to convert
[youtube] Extracting URL: https://www.youtube.com/watch?v=dvZNGOn6BNM
[youtube] dvZNGOn6BNM: Downloading webpage
[youtube] dvZNGOn6BNM: Downloading android vr player API JSON
ERROR: [youtube] dvZNGOn6BNM: This video is not available
[youtube] Extracting URL: https://www.youtube.com/watch?v=hdhLqZ7Fluo
[youtube] hdhLqZ7Fluo: Downloading webpage
[youtube] hdhLqZ7Fluo: Downloading android vr player API JSON
[info] hdhLqZ7Fluo: Downloading 1 format(s): 248+251
[info] There are no subtitles for the requested languages
[SubtitlesConvertor] There aren't any subtitles to convert
[youtube] Extracting URL: https://www.youtube.com/watch?v=2mlzv9Dcwxk
[youtube] 2mlzv9Dcwxk: Downloading webpage
[youtube] 2mlzv9Dcwxk: Downloading android vr player API JSON
ERROR: [youtube] 2mlzv9Dcwxk: This video is not available
[youtube] Extracting URL: https://www.youtube.com/watch?v=_YsKbbQTFPI
[youtube] _YsKbbQTFPI: Downloading webpage
[youtube] _YsKbbQTFPI: Downloading android vr player API JSON
ERROR: [youtube] _YsKbbQTFPI: This video is not available
[youtube] Extracting URL: https://www.youtube.com/watch?v=gtuow6Ml2Zk
[youtube] gtuow6Ml2Zk: Downloading webpage
[youtube] gtuow6Ml2Zk: Downloading android vr player API JSON
ERROR: [youtube] gtuow6Ml2Zk: This video is not available
[youtube] Extracting URL: https://www.youtube.com/watch?v=litpohF21QI
[youtube] litpohF21QI: Downloading webpage
[youtube] litpohF21QI: Downloading android vr player API JSON
ERROR: [youtube] litpohF21QI: This video is not available
[youtube] Extracting URL: https://www.youtube.com/watch?v=pSeqhbHMFOI
[youtube] pSeqhbHMFOI: Downloading webpage
[youtube] pSeqhbHMFOI: Downloading android vr player API JSON
ERROR: [youtube] pSeqhbHMFOI: This video is not available
[youtube] Extracting URL: https://www.youtube.com/watch?v=OMilG_63kIo
[youtube] OMilG_63kIo: Downloading webpage
[youtube] OMilG_63kIo: Downloading android vr player API JSON
ERROR: [youtube] OMilG_63kIo: This video is not available
[youtube] Extracting URL: https://www.youtube.com/watch?v=idquhtnDD90
[youtube] idquhtnDD90: Downloading webpage
[youtube] idquhtnDD90: Downloading android vr player API JSON
ERROR: [youtube] idquhtnDD90: This video is not available
[youtube] Extracting URL: https://www.youtube.com/watch?v=HCX6JuHp1EY
[youtube] HCX6JuHp1EY: Downloading webpage
[youtube] HCX6JuHp1EY: Downloading android vr player API JSON
ERROR: [youtube] HCX6JuHp1EY: This video is not available
[youtube] Extracting URL: https://www.youtube.com/watch?v=mZSU9sKR2GQ
[youtube] mZSU9sKR2GQ: Downloading webpage
[youtube] mZSU9sKR2GQ: Downloading android vr player API JSON
ERROR: [youtube] mZSU9sKR2GQ: This video is not available
[youtube] Extracting URL: https://www.youtube.com/watch?v=I4hw-YWOdC4
[youtube] I4hw-YWOdC4: Downloading webpage
[youtube] I4hw-YWOdC4: Downloading android vr player API JSON
ERROR: [youtube] I4hw-YWOdC4: This video is not available
[youtube] Extracting URL: https://www.youtube.com/watch?v=kbZM8h_FCEM
[youtube] kbZM8h_FCEM: Downloading webpage
[youtube] kbZM8h_FCEM: Downloading android vr player API JSON
ERROR: [youtube] kbZM8h_FCEM: This video is not available
[youtube] Extracting URL: https://www.youtube.com/watch?v=p6yXNSY0N38
[youtube] p6yXNSY0N38: Downloading webpage
[youtube] p6yXNSY0N38: Downloading android vr player API JSON
ERROR: [youtube] p6yXNSY0N38: This video is not available
[youtube] Extracting URL: https://www.youtube.com/watch?v=ZvrPZVyIEew
[youtube] ZvrPZVyIEew: Downloading webpage
[youtube] ZvrPZVyIEew: Downloading android vr player API JSON
ERROR: [youtube] ZvrPZVyIEew: This video is not available
[youtube] Extracting URL: https://www.youtube.com/watch?v=V49f4rlxUpM
[youtube] V49f4rlxUpM: Downloading webpage
[youtube] V49f4rlxUpM: Downloading android vr player API JSON
ERROR: [youtube] V49f4rlxUpM: This video is not available
[youtube] Extracting URL: https://www.youtube.com/watch?v=99lzsbJIuz0
[youtube] 99lzsbJIuz0: Downloading webpage
[youtube] 99lzsbJIuz0: Downloading android vr player API JSON
ERROR: [youtube] 99lzsbJIuz0: This video is not available
[youtube] Extracting URL: https://www.youtube.com/watch?v=ri3p66aumJc
[youtube] ri3p66aumJc: Downloading webpage
[youtube] ri3p66aumJc: Downloading android vr player API JSON
ERROR: [youtube] ri3p66aumJc: This video is not available
[youtube] Extracting URL: https://www.youtube.com/watch?v=0nu8sWXgXtY
[youtube] 0nu8sWXgXtY: Downloading webpage
[youtube] 0nu8sWXgXtY: Downloading android vr player API JSON
ERROR: [youtube] 0nu8sWXgXtY: This video is not available
[youtube] Extracting URL: https://www.youtube.com/watch?v=pFTPTmDZxT0
[youtube] pFTPTmDZxT0: Downloading webpage
[youtube] pFTPTmDZxT0: Downloading android vr player API JSON
ERROR: [youtube] pFTPTmDZxT0: This video is not available
[youtube] Extracting URL: https://www.youtube.com/watch?v=q-6lmn0BKH8
[youtube] q-6lmn0BKH8: Downloading webpage
[youtube] q-6lmn0BKH8: Downloading android vr player API JSON
ERROR: [youtube] q-6lmn0BKH8: This video is not available
[youtube] Extracting URL: https://www.youtube.com/watch?v=Yyg5VAZUpzI
[youtube] Yyg5VAZUpzI: Downloading webpage
[youtube] Yyg5VAZUpzI: Downloading android vr player API JSON
ERROR: [youtube] Yyg5VAZUpzI: This video is not available
[youtube] Extracting URL: https://www.youtube.com/watch?v=E-fl-SbzNAg
[youtube] E-fl-SbzNAg: Downloading webpage
[youtube] E-fl-SbzNAg: Downloading android vr player API JSON
[info] E-fl-SbzNAg: Downloading 1 format(s): 137+251
[info] There are no subtitles for the requested languages
[SubtitlesConvertor] There aren't any subtitles to convert
[youtube] Extracting URL: https://www.youtube.com/watch?v=SB02AntjOqw
[youtube] SB02AntjOqw: Downloading webpage
[youtube] SB02AntjOqw: Downloading android vr player API JSON
ERROR: [youtube] SB02AntjOqw: This video is not available
[youtube] Extracting URL: https://www.youtube.com/watch?v=EKfikkb1XAU
[youtube] EKfikkb1XAU: Downloading webpage
[youtube] EKfikkb1XAU: Downloading android vr player API JSON
[info] EKfikkb1XAU: Downloading 1 format(s): 399+251
[info] There are no subtitles for the requested languages
[SubtitlesConvertor] There aren't any subtitles to convert
[youtube] Extracting URL: https://www.youtube.com/watch?v=_lBQZNPl7jQ
[youtube] _lBQZNPl7jQ: Downloading webpage
[youtube] _lBQZNPl7jQ: Downloading android vr player API JSON
ERROR: [youtube] _lBQZNPl7jQ: This video is not available
[youtube] Extracting URL: https://www.youtube.com/watch?v=edkwMXUrNGQ
[youtube] edkwMXUrNGQ: Downloading webpage
[youtube] edkwMXUrNGQ: Downloading android vr player API JSON
ERROR: [youtube] edkwMXUrNGQ: This video is not available
[youtube] Extracting URL: https://www.youtube.com/watch?v=9kbTp2wFdbM
[youtube] 9kbTp2wFdbM: Downloading webpage
[youtube] 9kbTp2wFdbM: Downloading android vr player API JSON
[info] 9kbTp2wFdbM: Downloading 1 format(s): 137+251
[info] There are no subtitles for the requested languages
[SubtitlesConvertor] There aren't any subtitles to convert
[youtube] Extracting URL: https://www.youtube.com/watch?v=M_j1wwBLr7Q
[youtube] M_j1wwBLr7Q: Downloading webpage
[youtube] M_j1wwBLr7Q: Downloading android vr player API JSON
ERROR: [youtube] M_j1wwBLr7Q: This video is not available
[youtube] Extracting URL: https://www.youtube.com/watch?v=4-9x03sT1q0
[youtube] 4-9x03sT1q0: Downloading webpage
[youtube] 4-9x03sT1q0: Downloading android vr player API JSON
ERROR: [youtube] 4-9x03sT1q0: This video is not available
[youtube] Extracting URL: https://www.youtube.com/watch?v=LD7zh3aqx3I
[youtube] LD7zh3aqx3I: Downloading webpage
[youtube] LD7zh3aqx3I: Downloading android vr player API JSON
ERROR: [youtube] LD7zh3aqx3I: This video is not available
[youtube] Extracting URL: https://www.youtube.com/watch?v=0Xluv5pUXwY
[youtube] 0Xluv5pUXwY: Downloading webpage
[youtube] 0Xluv5pUXwY: Downloading android vr player API JSON
ERROR: [youtube] 0Xluv5pUXwY: This video is not available
[youtube] Extracting URL: https://www.youtube.com/watch?v=XVKGzsRxaKQ
[youtube] XVKGzsRxaKQ: Downloading webpage
[youtube] XVKGzsRxaKQ: Downloading android vr player API JSON
ERROR: [youtube] XVKGzsRxaKQ: This video is not available
[youtube] Extracting URL: https://www.youtube.com/watch?v=7PtUz7MUwzc
[youtube] 7PtUz7MUwzc: Downloading webpage
[youtube] 7PtUz7MUwzc: Downloading android vr player API JSON
ERROR: [youtube] 7PtUz7MUwzc: This video is not available
[youtube] Extracting URL: https://www.youtube.com/watch?v=zPX96FtUl4A
[youtube] zPX96FtUl4A: Downloading webpage
[youtube] zPX96FtUl4A: Downloading android vr player API JSON
[info] zPX96FtUl4A: Downloading 1 format(s): 399+251
[info] There are no subtitles for the requested languages
[SubtitlesConvertor] There aren't any subtitles to convert
[youtube] Extracting URL: https://www.youtube.com/watch?v=YNVGWPUWjRc
[youtube] YNVGWPUWjRc: Downloading webpage
[youtube] YNVGWPUWjRc: Downloading android vr player API JSON
ERROR: [youtube] YNVGWPUWjRc: This video is not available
[youtube] Extracting URL: https://www.youtube.com/watch?v=8YSTX_6m978
[youtube] 8YSTX_6m978: Downloading webpage
[youtube] 8YSTX_6m978: Downloading android vr player API JSON
ERROR: [youtube] 8YSTX_6m978: This video is not available
[youtube] Extracting URL: https://www.youtube.com/watch?v=nsV9kWT825Q
[youtube] nsV9kWT825Q: Downloading webpage
[youtube] nsV9kWT825Q: Downloading android vr player API JSON
ERROR: [youtube] nsV9kWT825Q: This video is not available
[youtube] Extracting URL: https://www.youtube.com/watch?v=Q8KZBqYrtXs
[youtube] Q8KZBqYrtXs: Downloading webpage
[youtube] Q8KZBqYrtXs: Downloading android vr player API JSON
ERROR: [youtube] Q8KZBqYrtXs: This video is not available
[youtube] Extracting URL: https://www.youtube.com/watch?v=3KX02CWwzJM
[youtube] 3KX02CWwzJM: Downloading webpage
[youtube] 3KX02CWwzJM: Downloading android vr player API JSON
[info] 3KX02CWwzJM: Downloading subtitles: ka
[info] 3KX02CWwzJM: Downloading 1 format(s): 137+251
[info] Writing video subtitles to: transcripts\ch2_jirafijoze\3KX02CWwzJM.ka.vtt
[download] Destination: transcripts\ch2_jirafijoze\3KX02CWwzJM.ka.vtt
[download]    1.00KiB at  Unknown B/s (00:00:00)[download]    3.00KiB at    2.73MiB/s (00:00:00)[download]    6.90KiB at    4.42MiB/s (00:00:00)[download] 100% of    6.90KiB in 00:00:00 at 23.45KiB/s
[SubtitlesConvertor] Converting subtitles
Deleting original file transcripts\ch2_jirafijoze\3KX02CWwzJM.ka.vtt (pass -k to keep)
[youtube] Extracting URL: https://www.youtube.com/watch?v=grqLHVTV3A8
[youtube] grqLHVTV3A8: Downloading webpage
[youtube] grqLHVTV3A8: Downloading android vr player API JSON
ERROR: [youtube] grqLHVTV3A8: This video is not available
[youtube] Extracting URL: https://www.youtube.com/watch?v=1ec-O52emXE
[youtube] 1ec-O52emXE: Downloading webpage
[youtube] 1ec-O52emXE: Downloading android vr player API JSON
[info] 1ec-O52emXE: Downloading 1 format(s): 137+251
[info] There are no subtitles for the requested languages
[SubtitlesConvertor] There aren't any subtitles to convert
[youtube] Extracting URL: https://www.youtube.com/watch?v=9SWg-t53p68
[youtube] 9SWg-t53p68: Downloading webpage
[youtube] 9SWg-t53p68: Downloading android vr player API JSON
ERROR: [youtube] 9SWg-t53p68: This video is not available
[youtube] Extracting URL: https://www.youtube.com/watch?v=wiS9qTEZy-k
[youtube] wiS9qTEZy-k: Downloading webpage
[youtube] wiS9qTEZy-k: Downloading android vr player API JSON
ERROR: [youtube] wiS9qTEZy-k: This video is not available
[youtube] Extracting URL: https://www.youtube.com/watch?v=VQE8P-mwEpc
[youtube] VQE8P-mwEpc: Downloading webpage
[youtube] VQE8P-mwEpc: Downloading android vr player API JSON
ERROR: [youtube] VQE8P-mwEpc: This video is not available
[youtube] Extracting URL: https://www.youtube.com/watch?v=ZNxzHZvDr4M
[youtube] ZNxzHZvDr4M: Downloading webpage
[youtube] ZNxzHZvDr4M: Downloading android vr player API JSON
ERROR: [youtube] ZNxzHZvDr4M: This video is not available
[youtube] Extracting URL: https://www.youtube.com/watch?v=51kpyuflFzw
[youtube] 51kpyuflFzw: Downloading webpage
[youtube] 51kpyuflFzw: Downloading android vr player API JSON
ERROR: [youtube] 51kpyuflFzw: This video is not available
[youtube] Extracting URL: https://www.youtube.com/watch?v=3N0u93dT--k
[youtube] 3N0u93dT--k: Downloading webpage
[youtube] 3N0u93dT--k: Downloading android vr player API JSON
[info] 3N0u93dT--k: Downloading 1 format(s): 137+251
[info] There are no subtitles for the requested languages
[SubtitlesConvertor] There aren't any subtitles to convert
[youtube] Extracting URL: https://www.youtube.com/watch?v=TZddQn2dlVU
[youtube] TZddQn2dlVU: Downloading webpage
[youtube] TZddQn2dlVU: Downloading android vr player API JSON
ERROR: [youtube] TZddQn2dlVU: This video is not available
[youtube] Extracting URL: https://www.youtube.com/watch?v=B6yXuwY5Nm8
[youtube] B6yXuwY5Nm8: Downloading webpage
[youtube] B6yXuwY5Nm8: Downloading android vr player API JSON
ERROR: [youtube] B6yXuwY5Nm8: This video is not available
[youtube] Extracting URL: https://www.youtube.com/watch?v=FdRvxCzJQ0M
[youtube] FdRvxCzJQ0M: Downloading webpage
[youtube] FdRvxCzJQ0M: Downloading android vr player API JSON
ERROR: [youtube] FdRvxCzJQ0M: This video is not available
[youtube] Extracting URL: https://www.youtube.com/watch?v=P48cKO7nQwQ
[youtube] P48cKO7nQwQ: Downloading webpage
[youtube] P48cKO7nQwQ: Downloading android vr player API JSON
ERROR: [youtube] P48cKO7nQwQ: This video is not available
[youtube] Extracting URL: https://www.youtube.com/watch?v=d9JhmGKv9LE
[youtube] d9JhmGKv9LE: Downloading webpage
[youtube] d9JhmGKv9LE: Downloading android vr player API JSON
ERROR: [youtube] d9JhmGKv9LE: This video is not available
[youtube] Extracting URL: https://www.youtube.com/watch?v=xmcybT9F_fg
[youtube] xmcybT9F_fg: Downloading webpage
[youtube] xmcybT9F_fg: Downloading android vr player API JSON
ERROR: [youtube] xmcybT9F_fg: This video is not available
[youtube] Extracting URL: https://www.youtube.com/watch?v=3aOMUDpEyxI
[youtube] 3aOMUDpEyxI: Downloading webpage
[youtube] 3aOMUDpEyxI: Downloading android vr player API JSON
ERROR: [youtube] 3aOMUDpEyxI: This video is not available
[youtube] Extracting URL: https://www.youtube.com/watch?v=63gRUxBjwBs
[youtube] 63gRUxBjwBs: Downloading webpage
[youtube] 63gRUxBjwBs: Downloading android vr player API JSON
ERROR: [youtube] 63gRUxBjwBs: This video is not available
[youtube] Extracting URL: https://www.youtube.com/watch?v=OVNKcuEW7JA
[youtube] OVNKcuEW7JA: Downloading webpage
[youtube] OVNKcuEW7JA: Downloading android vr player API JSON
ERROR: [youtube] OVNKcuEW7JA: This video is not available
[youtube] Extracting URL: https://www.youtube.com/watch?v=AmWOzq_ZAKo
[youtube] AmWOzq_ZAKo: Downloading webpage
[youtube] AmWOzq_ZAKo: Downloading android vr player API JSON
ERROR: [youtube] AmWOzq_ZAKo: This video is not available
[youtube] Extracting URL: https://www.youtube.com/watch?v=Os02VYaoTE8
[youtube] Os02VYaoTE8: Downloading webpage
[youtube] Os02VYaoTE8: Downloading android vr player API JSON
[info] Os02VYaoTE8: Downloading 1 format(s): 302+251
[info] There are no subtitles for the requested languages
[SubtitlesConvertor] There aren't any subtitles to convert
[youtube] Extracting URL: https://www.youtube.com/watch?v=gFfKOz3MZZ0
[youtube] gFfKOz3MZZ0: Downloading webpage
[youtube] gFfKOz3MZZ0: Downloading android vr player API JSON
ERROR: [youtube] gFfKOz3MZZ0: This video is not available
[youtube] Extracting URL: https://www.youtube.com/watch?v=J2TgjhdUXUo
[youtube] J2TgjhdUXUo: Downloading webpage
[youtube] J2TgjhdUXUo: Downloading android vr player API JSON
ERROR: [youtube] J2TgjhdUXUo: This video is not available
[youtube] Extracting URL: https://www.youtube.com/watch?v=RYhaD18XIgc
[youtube] RYhaD18XIgc: Downloading webpage
[youtube] RYhaD18XIgc: Downloading android vr player API JSON
[info] RYhaD18XIgc: Downloading 1 format(s): 137+251
[info] There are no subtitles for the requested languages
[SubtitlesConvertor] There aren't any subtitles to convert
[youtube] Extracting URL: https://www.youtube.com/watch?v=YAO-63Cv1kA
[youtube] YAO-63Cv1kA: Downloading webpage
[youtube] YAO-63Cv1kA: Downloading android vr player API JSON
ERROR: [youtube] YAO-63Cv1kA: This video is not available
[youtube] Extracting URL: https://www.youtube.com/watch?v=5grQfgnYTG0
[youtube] 5grQfgnYTG0: Downloading webpage
[youtube] 5grQfgnYTG0: Downloading android vr player API JSON
ERROR: [youtube] 5grQfgnYTG0: This video is not available
[youtube] Extracting URL: https://www.youtube.com/watch?v=UsOmquPHRx4
[youtube] UsOmquPHRx4: Downloading webpage
[youtube] UsOmquPHRx4: Downloading android vr player API JSON
ERROR: [youtube] UsOmquPHRx4: This video is not available
[youtube] Extracting URL: https://www.youtube.com/watch?v=UPG8wnEc0d0
[youtube] UPG8wnEc0d0: Downloading webpage
[youtube] UPG8wnEc0d0: Downloading android vr player API JSON
ERROR: [youtube] UPG8wnEc0d0: This video is not available
[youtube] Extracting URL: https://www.youtube.com/watch?v=27jOtnrCd7o
[youtube] 27jOtnrCd7o: Downloading webpage
[youtube] 27jOtnrCd7o: Downloading android vr player API JSON
[info] 27jOtnrCd7o: Downloading subtitles: ka
[info] 27jOtnrCd7o: Downloading 1 format(s): 244+251
[info] Writing video subtitles to: transcripts\ch2_jirafijoze\27jOtnrCd7o.ka.vtt
[download] Destination: transcripts\ch2_jirafijoze\27jOtnrCd7o.ka.vtt
[download]    1.00KiB at  Unknown B/s (00:00:00)[download]    3.00KiB at  Unknown B/s (00:00:00)[download]    7.00KiB at    5.62MiB/s (00:00:00)[download]   10.64KiB at    5.79MiB/s (00:00:00)[download] 100% of   10.64KiB in 00:00:00 at 37.22KiB/s
[SubtitlesConvertor] Converting subtitles
Deleting original file transcripts\ch2_jirafijoze\27jOtnrCd7o.ka.vtt (pass -k to keep)
[youtube] Extracting URL: https://www.youtube.com/watch?v=cEH_CWVSgkA
[youtube] cEH_CWVSgkA: Downloading webpage
[youtube] cEH_CWVSgkA: Downloading android vr player API JSON
ERROR: [youtube] cEH_CWVSgkA: This video is not available
[youtube] Extracting URL: https://www.youtube.com/watch?v=iglpDoarMqU
[youtube] iglpDoarMqU: Downloading webpage
[youtube] iglpDoarMqU: Downloading android vr player API JSON
ERROR: [youtube] iglpDoarMqU: This video is not available
[youtube] Extracting URL: https://www.youtube.com/watch?v=qyutS8DJOls
[youtube] qyutS8DJOls: Downloading webpage
[youtube] qyutS8DJOls: Downloading android vr player API JSON
ERROR: [youtube] qyutS8DJOls: This video is not available
[youtube] Extracting URL: https://www.youtube.com/watch?v=nmVu2VkQ0v0
[youtube] nmVu2VkQ0v0: Downloading webpage
[youtube] nmVu2VkQ0v0: Downloading android vr player API JSON
ERROR: [youtube] nmVu2VkQ0v0: This video is not available
[youtube] Extracting URL: https://www.youtube.com/watch?v=uE7w7aSZTz0
[youtube] uE7w7aSZTz0: Downloading webpage
[youtube] uE7w7aSZTz0: Downloading android vr player API JSON
ERROR: [youtube] uE7w7aSZTz0: This video is not available
[youtube] Extracting URL: https://www.youtube.com/watch?v=dg-63-B5RHQ
[youtube] dg-63-B5RHQ: Downloading webpage
[youtube] dg-63-B5RHQ: Downloading android vr player API JSON
ERROR: [youtube] dg-63-B5RHQ: This video is not available
[youtube] Extracting URL: https://www.youtube.com/watch?v=kziXPePnGdQ
[youtube] kziXPePnGdQ: Downloading webpage
[youtube] kziXPePnGdQ: Downloading android vr player API JSON
ERROR: [youtube] kziXPePnGdQ: This video is not available
[youtube] Extracting URL: https://www.youtube.com/watch?v=LSzWA2hJulI
[youtube] LSzWA2hJulI: Downloading webpage
[youtube] LSzWA2hJulI: Downloading android vr player API JSON
ERROR: [youtube] LSzWA2hJulI: This video is not available
[youtube] Extracting URL: https://www.youtube.com/watch?v=TvOO2f8rIko
[youtube] TvOO2f8rIko: Downloading webpage
[youtube] TvOO2f8rIko: Downloading android vr player API JSON
ERROR: [youtube] TvOO2f8rIko: This video is not available
[youtube] Extracting URL: https://www.youtube.com/watch?v=-bex01BR51o
[youtube] -bex01BR51o: Downloading webpage
[youtube] -bex01BR51o: Downloading android vr player API JSON
ERROR: [youtube] -bex01BR51o: This video is not available
[youtube] Extracting URL: https://www.youtube.com/watch?v=lP6J8rbnifQ
[youtube] lP6J8rbnifQ: Downloading webpage
[youtube] lP6J8rbnifQ: Downloading android vr player API JSON
ERROR: [youtube] lP6J8rbnifQ: This video is not available
[youtube] Extracting URL: https://www.youtube.com/watch?v=4YIHmvYGF8Q
[youtube] 4YIHmvYGF8Q: Downloading webpage
[youtube] 4YIHmvYGF8Q: Downloading android vr player API JSON
[info] 4YIHmvYGF8Q: Downloading subtitles: ka
[info] 4YIHmvYGF8Q: Downloading 1 format(s): 298+251
[info] Writing video subtitles to: transcripts\ch2_jirafijoze\4YIHmvYGF8Q.ka.vtt
[download] Destination: transcripts\ch2_jirafijoze\4YIHmvYGF8Q.ka.vtt
[download]    1.00KiB at  Unknown B/s (00:00:00)[download]    2.23KiB at    1.50MiB/s (00:00:00)[download] 100% of    2.23KiB in 00:00:00 at 9.91KiB/s
[SubtitlesConvertor] Converting subtitles
Deleting original file transcripts\ch2_jirafijoze\4YIHmvYGF8Q.ka.vtt (pass -k to keep)
